#
# There is insufficient memory for the Java Runtime Environment to continue.
# Native memory allocation (malloc) failed to allocate 527056 bytes for Chunk::new
# Possible reasons:
#   The system is out of physical RAM or swap space
#   The process is running with CompressedOops enabled, and the Java Heap may be blocking the growth of the native heap
# Possible solutions:
#   Reduce memory load on the system
#   Increase physical memory or swap space
#   Check if swap backing store is full
#   Decrease Java heap size (-Xmx/-Xms)
#   Decrease number of Java threads
#   Decrease Java thread stack sizes (-Xss)
#   Set larger code cache with -XX:ReservedCodeCacheSize=
#   JVM is running with Unscaled Compressed Oops mode in which the Java heap is
#     placed in the first 4GB address space. The Java Heap base address is the
#     maximum limit for the native heap growth. Please use -XX:HeapBaseMinAddress
#     to set the Java Heap base and to place the Java Heap above 4GB virtual address.
# This output file may be truncated or incomplete.
#
#  Out of Memory Error (allocation.cpp:389), pid=14304, tid=0x00000000000036fc
#
# JRE version: OpenJDK Runtime Environment (8.0_242-b01) (build 1.8.0_242-release-1644-b01)
# Java VM: OpenJDK 64-Bit Server VM (25.242-b01 mixed mode windows-amd64 compressed oops)
# Failed to write core dump. Minidumps are not enabled by default on client versions of Windows
#

---------------  T H R E A D  ---------------

Current thread (0x000000001725c000):  JavaThread "C2 CompilerThread1" daemon [_thread_in_native, id=14076, stack(0x00000000189b0000,0x0000000018ab0000)]

Stack: [0x00000000189b0000,0x0000000018ab0000]
[error occurred during error reporting (printing stack bounds), id 0xc0000005]

Native frames: (J=compiled Java code, j=interpreted, Vv=VM code, C=native code)


Current CompileTask:
C2: 327430 18589       4       org.gradle.cache.internal.btree.FreeListBlockStore::write (16 bytes)


---------------  P R O C E S S  ---------------

Java Threads: ( => current thread )
  0x000000002b8ae800 JavaThread "Cache worker for execution history cache (S:\Stuff\Documents\Github\BallCheck\BallCheck\.gradle\6.5\executionHistory)" [_thread_blocked, id=7840, stack(0x000000002e130000,0x000000002e230000)]
  0x000000002b8a7000 JavaThread "Execution worker for ':' Thread 3" [_thread_in_native, id=8388, stack(0x000000002e030000,0x000000002e130000)]
  0x000000002b8ae000 JavaThread "Execution worker for ':' Thread 2" [_thread_blocked, id=7296, stack(0x000000002de30000,0x000000002df30000)]
  0x000000002b8ac800 JavaThread "Execution worker for ':'" [_thread_blocked, id=6096, stack(0x000000002db30000,0x000000002dc30000)]
  0x000000002b8a6000 JavaThread "Cache worker for file content cache (S:\Stuff\Documents\Github\BallCheck\BallCheck\.gradle\6.5\fileContent)" [_thread_blocked, id=10684, stack(0x000000002be60000,0x000000002bf60000)]
  0x000000002b8ab800 JavaThread "Cache worker for Build Output Cleanup Cache (S:\Stuff\Documents\Github\BallCheck\BallCheck\.gradle\buildOutputCleanup)" [_thread_blocked, id=9132, stack(0x0000000029d30000,0x0000000029e30000)]
  0x000000002b8ab000 JavaThread "jar transforms Thread 476" [_thread_blocked, id=12888, stack(0x00000000296d0000,0x00000000297d0000)]
  0x000000002b8ad000 JavaThread "jar transforms Thread 475" [_thread_blocked, id=4420, stack(0x00000000295d0000,0x00000000296d0000)]
  0x000000002b8a3000 JavaThread "jar transforms Thread 474" [_thread_blocked, id=17192, stack(0x00000000294d0000,0x00000000295d0000)]
  0x000000002b8a5800 JavaThread "jar transforms Thread 473" [_thread_blocked, id=15260, stack(0x00000000293d0000,0x00000000294d0000)]
  0x000000002b8a4800 JavaThread "jar transforms Thread 472" [_thread_blocked, id=15376, stack(0x00000000292d0000,0x00000000293d0000)]
  0x000000002b8a4000 JavaThread "jar transforms Thread 471" [_thread_blocked, id=15080, stack(0x00000000291d0000,0x00000000292d0000)]
  0x000000002b8a7800 JavaThread "jar transforms Thread 470" [_thread_blocked, id=11684, stack(0x0000000028fd0000,0x00000000290d0000)]
  0x000000002b8a9800 JavaThread "jar transforms Thread 469" [_thread_blocked, id=16804, stack(0x0000000028ed0000,0x0000000028fd0000)]
  0x0000000017288800 JavaThread "jar transforms Thread 468" [_thread_blocked, id=2408, stack(0x0000000028dd0000,0x0000000028ed0000)]
  0x0000000017285800 JavaThread "jar transforms Thread 467" [_thread_blocked, id=9900, stack(0x0000000028cd0000,0x0000000028dd0000)]
  0x0000000017284800 JavaThread "jar transforms Thread 466" [_thread_blocked, id=7512, stack(0x0000000028bd0000,0x0000000028cd0000)]
  0x0000000017287800 JavaThread "jar transforms Thread 465" [_thread_blocked, id=5516, stack(0x0000000028ad0000,0x0000000028bd0000)]
  0x0000000017286000 JavaThread "jar transforms Thread 464" [_thread_blocked, id=7172, stack(0x00000000289d0000,0x0000000028ad0000)]
  0x0000000017284000 JavaThread "jar transforms Thread 463" [_thread_blocked, id=16584, stack(0x00000000288d0000,0x00000000289d0000)]
  0x000000001b8a0000 JavaThread "jar transforms Thread 462" [_thread_blocked, id=11612, stack(0x00000000287d0000,0x00000000288d0000)]
  0x000000001b89e800 JavaThread "jar transforms Thread 461" [_thread_blocked, id=3524, stack(0x00000000286d0000,0x00000000287d0000)]
  0x000000001b89d800 JavaThread "jar transforms Thread 460" [_thread_blocked, id=10132, stack(0x00000000285d0000,0x00000000286d0000)]
  0x000000001b896000 JavaThread "jar transforms Thread 459" [_thread_blocked, id=14476, stack(0x00000000284d0000,0x00000000285d0000)]
  0x000000001b895000 JavaThread "jar transforms Thread 458" [_thread_blocked, id=17208, stack(0x00000000283d0000,0x00000000284d0000)]
  0x000000001b894800 JavaThread "jar transforms Thread 457" [_thread_blocked, id=3516, stack(0x00000000282d0000,0x00000000283d0000)]
  0x000000001b89b800 JavaThread "jar transforms Thread 456" [_thread_blocked, id=10624, stack(0x00000000281d0000,0x00000000282d0000)]
  0x000000001b893000 JavaThread "jar transforms Thread 455" [_thread_blocked, id=8736, stack(0x00000000280d0000,0x00000000281d0000)]
  0x000000001b899800 JavaThread "jar transforms Thread 454" [_thread_blocked, id=10332, stack(0x0000000027fd0000,0x00000000280d0000)]
  0x000000001b892000 JavaThread "jar transforms Thread 453" [_thread_blocked, id=9252, stack(0x0000000027ed0000,0x0000000027fd0000)]
  0x000000001b899000 JavaThread "jar transforms Thread 452" [_thread_blocked, id=8424, stack(0x0000000027dd0000,0x0000000027ed0000)]
  0x000000001b898000 JavaThread "jar transforms Thread 451" [_thread_blocked, id=11712, stack(0x0000000027cd0000,0x0000000027dd0000)]
  0x000000001db5d800 JavaThread "jar transforms Thread 450" [_thread_blocked, id=12688, stack(0x0000000027bd0000,0x0000000027cd0000)]
  0x000000001db5e800 JavaThread "jar transforms Thread 449" [_thread_blocked, id=13364, stack(0x0000000027ad0000,0x0000000027bd0000)]
  0x000000001db5d000 JavaThread "jar transforms Thread 448" [_thread_blocked, id=4940, stack(0x00000000279d0000,0x0000000027ad0000)]
  0x000000001db60000 JavaThread "jar transforms Thread 447" [_thread_blocked, id=10456, stack(0x00000000278d0000,0x00000000279d0000)]
  0x000000001db55800 JavaThread "jar transforms Thread 446" [_thread_blocked, id=5832, stack(0x00000000277d0000,0x00000000278d0000)]
  0x000000001db5c000 JavaThread "jar transforms Thread 445" [_thread_blocked, id=5020, stack(0x00000000276d0000,0x00000000277d0000)]
  0x000000001db54800 JavaThread "jar transforms Thread 444" [_thread_blocked, id=9812, stack(0x00000000275d0000,0x00000000276d0000)]
  0x000000001db5b800 JavaThread "jar transforms Thread 443" [_thread_blocked, id=11364, stack(0x00000000274d0000,0x00000000275d0000)]
  0x000000001db5a800 JavaThread "jar transforms Thread 442" [_thread_blocked, id=3036, stack(0x00000000273d0000,0x00000000274d0000)]
  0x000000001db5a000 JavaThread "jar transforms Thread 441" [_thread_blocked, id=10056, stack(0x00000000272d0000,0x00000000273d0000)]
  0x000000001db59000 JavaThread "jar transforms Thread 440" [_thread_blocked, id=4512, stack(0x00000000271d0000,0x00000000272d0000)]
  0x000000001db51800 JavaThread "jar transforms Thread 439" [_thread_blocked, id=11860, stack(0x00000000270d0000,0x00000000271d0000)]
  0x000000001db58800 JavaThread "jar transforms Thread 438" [_thread_blocked, id=7740, stack(0x0000000026fd0000,0x00000000270d0000)]
  0x000000002be56800 JavaThread "jar transforms Thread 437" [_thread_blocked, id=12420, stack(0x0000000026ed0000,0x0000000026fd0000)]
  0x000000002be56000 JavaThread "jar transforms Thread 436" [_thread_blocked, id=16576, stack(0x0000000026dd0000,0x0000000026ed0000)]
  0x000000002be4e800 JavaThread "jar transforms Thread 435" [_thread_blocked, id=4660, stack(0x0000000026cd0000,0x0000000026dd0000)]
  0x000000002be53800 JavaThread "jar transforms Thread 434" [_thread_blocked, id=16256, stack(0x0000000026bd0000,0x0000000026cd0000)]
  0x000000002be53000 JavaThread "jar transforms Thread 433" [_thread_blocked, id=1220, stack(0x0000000026ad0000,0x0000000026bd0000)]
  0x000000002be55000 JavaThread "jar transforms Thread 432" [_thread_blocked, id=14380, stack(0x00000000269d0000,0x0000000026ad0000)]
  0x000000002be54800 JavaThread "jar transforms Thread 431" [_thread_blocked, id=436, stack(0x00000000268d0000,0x00000000269d0000)]
  0x000000002be4b800 JavaThread "jar transforms Thread 430" [_thread_blocked, id=4772, stack(0x00000000267d0000,0x00000000268d0000)]
  0x000000002be50000 JavaThread "jar transforms Thread 429" [_thread_blocked, id=3592, stack(0x00000000266d0000,0x00000000267d0000)]
  0x000000002be52000 JavaThread "jar transforms Thread 428" [_thread_blocked, id=10076, stack(0x00000000265d0000,0x00000000266d0000)]
  0x000000002be4d000 JavaThread "jar transforms Thread 427" [_thread_blocked, id=9956, stack(0x00000000264d0000,0x00000000265d0000)]
  0x000000002be4a000 JavaThread "jar transforms Thread 426" [_thread_blocked, id=10632, stack(0x00000000263d0000,0x00000000264d0000)]
  0x000000002be4f000 JavaThread "jar transforms Thread 425" [_thread_blocked, id=8540, stack(0x00000000262d0000,0x00000000263d0000)]
  0x000000002be48800 JavaThread "jar transforms Thread 424" [_thread_blocked, id=14580, stack(0x00000000261d0000,0x00000000262d0000)]
  0x000000002be4a800 JavaThread "jar transforms Thread 423" [_thread_blocked, id=13204, stack(0x00000000260d0000,0x00000000261d0000)]
  0x000000002be4c000 JavaThread "jar transforms Thread 422" [_thread_blocked, id=2336, stack(0x0000000025fd0000,0x00000000260d0000)]
  0x000000002be4d800 JavaThread "jar transforms Thread 421" [_thread_blocked, id=17220, stack(0x0000000025ed0000,0x0000000025fd0000)]
  0x000000001a5fa800 JavaThread "jar transforms Thread 420" [_thread_blocked, id=9440, stack(0x0000000025dd0000,0x0000000025ed0000)]
  0x000000001a601800 JavaThread "jar transforms Thread 419" [_thread_blocked, id=11564, stack(0x0000000025cd0000,0x0000000025dd0000)]
  0x000000001a600800 JavaThread "jar transforms Thread 418" [_thread_blocked, id=6652, stack(0x0000000025bd0000,0x0000000025cd0000)]
  0x000000001a5ff000 JavaThread "jar transforms Thread 417" [_thread_blocked, id=7616, stack(0x0000000025ad0000,0x0000000025bd0000)]
  0x000000001a5fd800 JavaThread "jar transforms Thread 416" [_thread_blocked, id=16968, stack(0x00000000259d0000,0x0000000025ad0000)]
  0x000000001a600000 JavaThread "jar transforms Thread 415" [_thread_blocked, id=16200, stack(0x00000000258d0000,0x00000000259d0000)]
  0x000000001a5f7800 JavaThread "jar transforms Thread 414" [_thread_blocked, id=2672, stack(0x00000000257d0000,0x00000000258d0000)]
  0x000000001a5fa000 JavaThread "jar transforms Thread 413" [_thread_blocked, id=15428, stack(0x00000000256d0000,0x00000000257d0000)]
  0x000000001a5fb800 JavaThread "jar transforms Thread 412" [_thread_blocked, id=14124, stack(0x00000000255d0000,0x00000000256d0000)]
  0x000000001a5fd000 JavaThread "jar transforms Thread 411" [_thread_blocked, id=14184, stack(0x00000000254d0000,0x00000000255d0000)]
  0x000000001a5f8800 JavaThread "jar transforms Thread 410" [_thread_blocked, id=16780, stack(0x00000000253d0000,0x00000000254d0000)]
  0x000000001a5fc000 JavaThread "jar transforms Thread 409" [_thread_blocked, id=5844, stack(0x00000000252d0000,0x00000000253d0000)]
  0x000000001a5fe800 JavaThread "jar transforms Thread 408" [_thread_blocked, id=12032, stack(0x00000000251d0000,0x00000000252d0000)]
  0x000000001a5f4000 JavaThread "jar transforms Thread 407" [_thread_blocked, id=12004, stack(0x00000000250d0000,0x00000000251d0000)]
  0x000000001a5f7000 JavaThread "jar transforms Thread 406" [_thread_blocked, id=2428, stack(0x0000000024fd0000,0x00000000250d0000)]
  0x000000001a5f3000 JavaThread "jar transforms Thread 405" [_thread_blocked, id=9884, stack(0x0000000024ed0000,0x0000000024fd0000)]
  0x000000001a5f9000 JavaThread "jar transforms Thread 404" [_thread_blocked, id=14228, stack(0x0000000024dd0000,0x0000000024ed0000)]
  0x000000001a5f6000 JavaThread "jar transforms Thread 403" [_thread_blocked, id=14616, stack(0x0000000024cd0000,0x0000000024dd0000)]
  0x000000001d54e800 JavaThread "jar transforms Thread 402" [_thread_blocked, id=6980, stack(0x0000000024bd0000,0x0000000024cd0000)]
  0x000000001d54e000 JavaThread "jar transforms Thread 401" [_thread_blocked, id=12772, stack(0x0000000024ad0000,0x0000000024bd0000)]
  0x000000001d54c800 JavaThread "jar transforms Thread 400" [_thread_blocked, id=13324, stack(0x00000000249d0000,0x0000000024ad0000)]
  0x000000001d54b800 JavaThread "jar transforms Thread 399" [_thread_blocked, id=12884, stack(0x00000000248d0000,0x00000000249d0000)]
  0x000000001d54b000 JavaThread "jar transforms Thread 398" [_thread_blocked, id=15148, stack(0x00000000247d0000,0x00000000248d0000)]
  0x000000001d54a000 JavaThread "jar transforms Thread 397" [_thread_blocked, id=13160, stack(0x00000000246d0000,0x00000000247d0000)]
  0x000000001d54d000 JavaThread "jar transforms Thread 396" [_thread_blocked, id=5136, stack(0x00000000245d0000,0x00000000246d0000)]
  0x000000001d544000 JavaThread "jar transforms Thread 395" [_thread_blocked, id=5016, stack(0x00000000244d0000,0x00000000245d0000)]
  0x000000001d549800 JavaThread "jar transforms Thread 394" [_thread_blocked, id=3020, stack(0x00000000243d0000,0x00000000244d0000)]
  0x000000001d542000 JavaThread "jar transforms Thread 393" [_thread_blocked, id=13660, stack(0x00000000242d0000,0x00000000243d0000)]
  0x000000001d543800 JavaThread "jar transforms Thread 392" [_thread_blocked, id=14768, stack(0x00000000241d0000,0x00000000242d0000)]
  0x000000001d545000 JavaThread "jar transforms Thread 391" [_thread_blocked, id=11828, stack(0x00000000240d0000,0x00000000241d0000)]
  0x000000001d548800 JavaThread "jar transforms Thread 390" [_thread_blocked, id=17052, stack(0x0000000023fd0000,0x00000000240d0000)]
  0x000000001d545800 JavaThread "jar transforms Thread 389" [_thread_blocked, id=3080, stack(0x0000000023ed0000,0x0000000023fd0000)]
  0x000000001d541000 JavaThread "jar transforms Thread 388" [_thread_blocked, id=12428, stack(0x0000000023dd0000,0x0000000023ed0000)]
  0x000000001d548000 JavaThread "jar transforms Thread 387" [_thread_blocked, id=6636, stack(0x0000000023cd0000,0x0000000023dd0000)]
  0x000000001d540800 JavaThread "jar transforms Thread 386" [_thread_blocked, id=5968, stack(0x0000000023bd0000,0x0000000023cd0000)]
  0x000000001d547000 JavaThread "jar transforms Thread 385" [_thread_blocked, id=15192, stack(0x0000000023ad0000,0x0000000023bd0000)]
  0x000000001d546800 JavaThread "jar transforms Thread 384" [_thread_blocked, id=5640, stack(0x00000000239d0000,0x0000000023ad0000)]
  0x000000001d542800 JavaThread "jar transforms Thread 383" [_thread_blocked, id=10780, stack(0x00000000238d0000,0x00000000239d0000)]
  0x0000000020665800 JavaThread "jar transforms Thread 382" [_thread_blocked, id=3304, stack(0x00000000237d0000,0x00000000238d0000)]
  0x0000000020665000 JavaThread "jar transforms Thread 381" [_thread_blocked, id=11992, stack(0x00000000236d0000,0x00000000237d0000)]
  0x000000002065d800 JavaThread "jar transforms Thread 380" [_thread_blocked, id=12960, stack(0x00000000235d0000,0x00000000236d0000)]
  0x0000000020664000 JavaThread "jar transforms Thread 379" [_thread_blocked, id=16776, stack(0x00000000234d0000,0x00000000235d0000)]
  0x000000002065e000 JavaThread "jar transforms Thread 378" [_thread_blocked, id=16112, stack(0x00000000233d0000,0x00000000234d0000)]
  0x000000002065c800 JavaThread "jar transforms Thread 377" [_thread_blocked, id=10124, stack(0x00000000232d0000,0x00000000233d0000)]
  0x0000000020662000 JavaThread "jar transforms Thread 376" [_thread_blocked, id=14512, stack(0x00000000231d0000,0x00000000232d0000)]
  0x0000000020662800 JavaThread "jar transforms Thread 375" [_thread_blocked, id=10040, stack(0x00000000230d0000,0x00000000231d0000)]
  0x0000000020663800 JavaThread "jar transforms Thread 374" [_thread_blocked, id=11648, stack(0x0000000022fd0000,0x00000000230d0000)]
  0x0000000020661000 JavaThread "jar transforms Thread 373" [_thread_blocked, id=11244, stack(0x0000000022ed0000,0x0000000022fd0000)]
  0x000000002065f800 JavaThread "jar transforms Thread 372" [_thread_blocked, id=15528, stack(0x0000000022dd0000,0x0000000022ed0000)]
  0x0000000020660800 JavaThread "jar transforms Thread 371" [_thread_blocked, id=14188, stack(0x0000000022cd0000,0x0000000022dd0000)]
  0x0000000020659000 JavaThread "jar transforms Thread 370" [_thread_blocked, id=6816, stack(0x0000000022bd0000,0x0000000022cd0000)]
  0x000000002065c000 JavaThread "jar transforms Thread 369" [_thread_blocked, id=11652, stack(0x0000000022ad0000,0x0000000022bd0000)]
  0x0000000020658000 JavaThread "jar transforms Thread 368" [_thread_blocked, id=14600, stack(0x00000000229d0000,0x0000000022ad0000)]
  0x000000002065f000 JavaThread "jar transforms Thread 367" [_thread_blocked, id=7644, stack(0x00000000227d0000,0x00000000228d0000)]
  0x0000000020654000 JavaThread "jar transforms Thread 366" [_thread_blocked, id=7320, stack(0x00000000226d0000,0x00000000227d0000)]
  0x000000002065b000 JavaThread "jar transforms Thread 365" [_thread_blocked, id=17072, stack(0x00000000225d0000,0x00000000226d0000)]
  0x0000000020656800 JavaThread "jar transforms Thread 364" [_thread_blocked, id=16292, stack(0x00000000224d0000,0x00000000225d0000)]
  0x0000000020653800 JavaThread "jar transforms Thread 363" [_thread_blocked, id=9668, stack(0x00000000223d0000,0x00000000224d0000)]
  0x0000000020656000 JavaThread "jar transforms Thread 362" [_thread_blocked, id=3572, stack(0x00000000222d0000,0x00000000223d0000)]
  0x0000000020657800 JavaThread "jar transforms Thread 361" [_thread_blocked, id=15296, stack(0x00000000221d0000,0x00000000222d0000)]
  0x000000002065a800 JavaThread "jar transforms Thread 360" [_thread_blocked, id=5752, stack(0x00000000220d0000,0x00000000221d0000)]
  0x0000000020652800 JavaThread "jar transforms Thread 359" [_thread_blocked, id=13064, stack(0x0000000021fd0000,0x00000000220d0000)]
  0x0000000020655000 JavaThread "jar transforms Thread 358" [_thread_blocked, id=16312, stack(0x0000000021ed0000,0x0000000021fd0000)]
  0x0000000020659800 JavaThread "Build operations Thread 4" [_thread_blocked, id=15516, stack(0x0000000021bd0000,0x0000000021cd0000)]
  0x000000002064b000 JavaThread "Build operations Thread 3" [_thread_blocked, id=1544, stack(0x00000000213d0000,0x00000000214d0000)]
  0x0000000020650800 JavaThread "Build operations Thread 2" [_thread_in_Java, id=2968, stack(0x000000001fbe0000,0x000000001fce0000)]
  0x0000000020652000 JavaThread "Build operations" [_thread_blocked, id=17212, stack(0x000000001fae0000,0x000000001fbe0000)]
  0x000000002064e000 JavaThread "Cache worker for cache directory md-rule (C:\Users\Nico\.gradle\caches\6.5\md-rule)" [_thread_blocked, id=12740, stack(0x000000001f9e0000,0x000000001fae0000)]
  0x000000002064f800 JavaThread "Cache worker for cache directory md-supplier (C:\Users\Nico\.gradle\caches\6.5\md-supplier)" [_thread_blocked, id=10808, stack(0x000000001f6e0000,0x000000001f7e0000)]
  0x0000000020651000 JavaThread "Cache worker for checksums cache (S:\Stuff\Documents\Github\BallCheck\BallCheck\.gradle\checksums)" [_thread_blocked, id=2356, stack(0x000000001cd40000,0x000000001ce40000)]
  0x000000002064f000 JavaThread "Cache worker for file hash cache (S:\Stuff\Documents\Github\BallCheck\BallCheck\.gradle\6.5\fileHashes)" [_thread_blocked, id=3852, stack(0x000000001cc40000,0x000000001cd40000)]
  0x0000000020646800 JavaThread "Thread-441" [_thread_blocked, id=10400, stack(0x000000001cb40000,0x000000001cc40000)]
  0x000000002064d800 JavaThread "Stdin handler" [_thread_blocked, id=13384, stack(0x000000001ca40000,0x000000001cb40000)]
  0x0000000020648000 JavaThread "Asynchronous log dispatcher for DefaultDaemonConnection: socket connection from /127.0.0.1:9071 to /127.0.0.1:9202" [_thread_in_native, id=17092, stack(0x000000001c940000,0x000000001ca40000)]
  0x0000000020647800 JavaThread "Cancel handler" [_thread_blocked, id=15852, stack(0x000000001c740000,0x000000001c840000)]
  0x0000000020649000 JavaThread "Handler for socket connection from /127.0.0.1:9071 to /127.0.0.1:9202" [_thread_in_native, id=14216, stack(0x00000000022f0000,0x00000000023f0000)]
  0x000000002be51800 JavaThread "Cache worker for Java compile cache (C:\Users\Nico\.gradle\caches\6.5\javaCompile)" [_thread_blocked, id=14496, stack(0x000000002ef70000,0x000000002f070000)]
  0x000000002be49000 JavaThread "RMI TCP Connection(idle)" daemon [_thread_blocked, id=7312, stack(0x000000002ee70000,0x000000002ef70000)]
  0x000000001a5f4800 JavaThread "RMI RenewClean-[127.0.0.1:17530,org.jetbrains.kotlin.daemon.common.LoopbackNetworkInterface$ClientLoopbackSocketFactory@57711890]" daemon [_thread_blocked, id=2432, stack(0x000000002df30000,0x000000002e030000)]
  0x000000001db57000 JavaThread "Daemon worker Thread 2" [_thread_blocked, id=11140, stack(0x000000001c840000,0x000000001c940000)]
  0x000000001db53800 JavaThread "Daemon Thread 2" [_thread_blocked, id=6492, stack(0x0000000000920000,0x0000000000a20000)]
  0x000000001b8a1800 JavaThread "RMI Reaper" [_thread_blocked, id=14832, stack(0x000000002ec70000,0x000000002ed70000)]
  0x000000001b89c000 JavaThread "RMI TCP Accept-0" daemon [_thread_in_native, id=14640, stack(0x000000002eb70000,0x000000002ec70000)]
  0x000000001b8a0800 JavaThread "GC Daemon" daemon [_thread_blocked, id=6900, stack(0x000000002ea70000,0x000000002eb70000)]
  0x000000001b896800 JavaThread "RMI RenewClean-[127.0.0.1:17530,org.jetbrains.kotlin.daemon.common.LoopbackNetworkInterface$ClientLoopbackSocketFactory@102595a0]" daemon [_thread_blocked, id=15720, stack(0x000000002e970000,0x000000002ea70000)]
  0x000000001b89a800 JavaThread "RMI Scheduler(0)" daemon [_thread_blocked, id=17144, stack(0x000000002e870000,0x000000002e970000)]
  0x000000001b893800 JavaThread "Memory manager" [_thread_blocked, id=16868, stack(0x00000000299d0000,0x0000000029ad0000)]
  0x000000001db52000 JavaThread "Cache worker for file content cache (C:\Users\Nico\.gradle\caches\6.5\fileContent)" [_thread_blocked, id=16864, stack(0x00000000214d0000,0x00000000215d0000)]
  0x0000000017287000 JavaThread "Cache worker for execution history cache (C:\Users\Nico\.gradle\caches\6.5\executionHistory)" [_thread_blocked, id=15604, stack(0x000000001fce0000,0x000000001fde0000)]
  0x0000000017289000 JavaThread "Cache worker for file hash cache (C:\Users\Nico\.gradle\caches\6.5\fileHashes)" [_thread_blocked, id=2868, stack(0x000000001d240000,0x000000001d340000)]
  0x0000000017283000 JavaThread "File lock request listener" [_thread_in_native, id=16012, stack(0x000000001d140000,0x000000001d240000)]
  0x000000001728a000 JavaThread "Cache worker for journal cache (C:\Users\Nico\.gradle\caches\journal-1)" [_thread_blocked, id=11336, stack(0x000000001d040000,0x000000001d140000)]
  0x000000001a452000 JavaThread "Daemon periodic checks" [_thread_blocked, id=5544, stack(0x000000001c440000,0x000000001c540000)]
  0x000000001a451000 JavaThread "Incoming local TCP Connector on port 9071" [_thread_in_native, id=14704, stack(0x000000001c200000,0x000000001c300000)]
  0x000000001ac14800 JavaThread "Daemon health stats" [_thread_blocked, id=15636, stack(0x000000001bbc0000,0x000000001bcc0000)]
  0x0000000018ab7800 JavaThread "Service Thread" daemon [_thread_blocked, id=10412, stack(0x0000000018fb0000,0x00000000190b0000)]
  0x0000000018ab2000 JavaThread "C1 CompilerThread2" daemon [_thread_blocked, id=14796, stack(0x0000000018eb0000,0x0000000018fb0000)]
=>0x000000001725c000 JavaThread "C2 CompilerThread1" daemon [_thread_in_native, id=14076, stack(0x00000000189b0000,0x0000000018ab0000)]
  0x0000000017258000 JavaThread "C2 CompilerThread0" daemon [_thread_in_native, id=7600, stack(0x00000000188b0000,0x00000000189b0000)]
  0x0000000017256800 JavaThread "Attach Listener" daemon [_thread_blocked, id=7580, stack(0x00000000187b0000,0x00000000188b0000)]
  0x0000000017253800 JavaThread "Signal Dispatcher" daemon [_thread_blocked, id=16996, stack(0x00000000186b0000,0x00000000187b0000)]
  0x0000000002624800 JavaThread "Finalizer" daemon [_thread_blocked, id=5196, stack(0x00000000184b0000,0x00000000185b0000)]
  0x0000000002621000 JavaThread "Reference Handler" daemon [_thread_blocked, id=14448, stack(0x00000000183b0000,0x00000000184b0000)]
  0x000000000252e800 JavaThread "main" [_thread_blocked, id=5040, stack(0x00000000023f0000,0x00000000024f0000)]

Other Threads:
  0x0000000017216800 VMThread [stack: 0x00000000182b0000,0x00000000183b0000] [id=13300]
  0x0000000018ab8800 WatcherThread [stack: 0x00000000190b0000,0x00000000191b0000] [id=15116]

VM state:not at safepoint (normal execution)

VM Mutex/Monitor currently owned by a thread: None

heap address: 0x0000000080000000, size: 2048 MB, Compressed Oops mode: 32-bit
Narrow klass base: 0x0000000000000000, Narrow klass shift: 3
Compressed class space size: 1073741824 Address: 0x0000000100000000

Heap:
 PSYoungGen      total 254976K, used 129559K [0x00000000d5580000, 0x00000000e8100000, 0x0000000100000000)
  eden space 219648K, 53% used [0x00000000d5580000,0x00000000dc936150,0x00000000e2c00000)
  from space 35328K, 31% used [0x00000000e5800000,0x00000000e62cfc88,0x00000000e7a80000)
  to   space 6656K, 0% used [0x00000000e7a80000,0x00000000e7a80000,0x00000000e8100000)
 ParOldGen       total 211456K, used 86794K [0x0000000080000000, 0x000000008ce80000, 0x00000000d5580000)
  object space 211456K, 41% used [0x0000000080000000,0x00000000854c2b30,0x000000008ce80000)
 Metaspace       used 99865K, capacity 104770K, committed 104984K, reserved 1140736K
  class space    used 13070K, capacity 14017K, committed 14104K, reserved 1048576K

Card table byte_map: [0x00000000119f0000,0x0000000011e00000] byte_map_base: 0x00000000115f0000

Marking Bits: (ParMarkBitMap*) 0x000000007364f030
 Begin Bits: [0x00000000124b0000, 0x00000000144b0000)
 End Bits:   [0x00000000144b0000, 0x00000000164b0000)

Polling page: 0x0000000000740000

CodeCache: size=245760Kb used=51431Kb max_used=52614Kb free=194328Kb
 bounds [0x0000000002630000, 0x00000000059e0000, 0x0000000011630000]
 total_blobs=15927 nmethods=15001 adapters=836
 compilation: enabled

Compilation events (10 events):
Event: 327.301 Thread 0x000000001725c000 nmethod 18583 0x0000000004b1f6d0 code [0x0000000004b1f8a0, 0x0000000004b1ff10]
Event: 327.301 Thread 0x000000001725c000 18584       4       org.gradle.internal.execution.history.changes.AbstractFingerprintCompareStrategy::visitChangesSince (31 bytes)
Event: 327.322 Thread 0x000000001725c000 nmethod 18584 0x0000000004ed6b90 code [0x0000000004ed6e80, 0x0000000004ed8008]
Event: 327.323 Thread 0x000000001725c000 18585       4       com.google.common.collect.Iterables::elementsEqual (57 bytes)
Event: 327.336 Thread 0x000000001725c000 nmethod 18585 0x0000000005193ed0 code [0x0000000005194120, 0x0000000005194ba0]
Event: 327.336 Thread 0x000000001725c000 18587       4       java.lang.ClassLoader::getParent (32 bytes)
Event: 327.337 Thread 0x000000001725c000 nmethod 18587 0x0000000004e0f990 code [0x0000000004e0fac0, 0x0000000004e0fb58]
Event: 327.343 Thread 0x000000001725c000 18588       4       net.rubygrapefruit.platform.internal.WindowsFileStat::details (24 bytes)
Event: 327.344 Thread 0x000000001725c000 nmethod 18588 0x0000000005610c90 code [0x0000000005610de0, 0x0000000005610f98]
Event: 327.349 Thread 0x000000001725c000 18589       4       org.gradle.cache.internal.btree.FreeListBlockStore::write (16 bytes)

GC Heap History (10 events):
Event: 226.444 GC heap before
{Heap before GC invocations=17 (full 3):
 PSYoungGen      total 257024K, used 257021K [0x00000000d5580000, 0x00000000e9f80000, 0x0000000100000000)
  eden space 232448K, 100% used [0x00000000d5580000,0x00000000e3880000,0x00000000e3880000)
  from space 24576K, 99% used [0x00000000e3880000,0x00000000e507f510,0x00000000e5080000)
  to   space 31744K, 0% used [0x00000000e8080000,0x00000000e8080000,0x00000000e9f80000)
 ParOldGen       total 211456K, used 43886K [0x0000000080000000, 0x000000008ce80000, 0x00000000d5580000)
  object space 211456K, 20% used [0x0000000080000000,0x0000000082adb9b8,0x000000008ce80000)
 Metaspace       used 81618K, capacity 85194K, committed 85528K, reserved 1124352K
  class space    used 10729K, capacity 11417K, committed 11544K, reserved 1048576K
Event: 226.472 GC heap after
Heap after GC invocations=17 (full 3):
 PSYoungGen      total 254976K, used 28902K [0x00000000d5580000, 0x00000000e9d00000, 0x0000000100000000)
  eden space 225792K, 0% used [0x00000000d5580000,0x00000000d5580000,0x00000000e3200000)
  from space 29184K, 99% used [0x00000000e8080000,0x00000000e9cb9b48,0x00000000e9d00000)
  to   space 35328K, 0% used [0x00000000e5800000,0x00000000e5800000,0x00000000e7a80000)
 ParOldGen       total 211456K, used 43894K [0x0000000080000000, 0x000000008ce80000, 0x00000000d5580000)
  object space 211456K, 20% used [0x0000000080000000,0x0000000082add9b8,0x000000008ce80000)
 Metaspace       used 81618K, capacity 85194K, committed 85528K, reserved 1124352K
  class space    used 10729K, capacity 11417K, committed 11544K, reserved 1048576K
}
Event: 268.767 GC heap before
{Heap before GC invocations=18 (full 3):
 PSYoungGen      total 254976K, used 254694K [0x00000000d5580000, 0x00000000e9d00000, 0x0000000100000000)
  eden space 225792K, 100% used [0x00000000d5580000,0x00000000e3200000,0x00000000e3200000)
  from space 29184K, 99% used [0x00000000e8080000,0x00000000e9cb9b48,0x00000000e9d00000)
  to   space 35328K, 0% used [0x00000000e5800000,0x00000000e5800000,0x00000000e7a80000)
 ParOldGen       total 211456K, used 43894K [0x0000000080000000, 0x000000008ce80000, 0x00000000d5580000)
  object space 211456K, 20% used [0x0000000080000000,0x0000000082add9b8,0x000000008ce80000)
 Metaspace       used 86783K, capacity 90526K, committed 90776K, reserved 1128448K
  class space    used 11354K, capacity 12075K, committed 12184K, reserved 1048576K
Event: 268.830 GC heap after
Heap after GC invocations=18 (full 3):
 PSYoungGen      total 254976K, used 35297K [0x00000000d5580000, 0x00000000e8100000, 0x0000000100000000)
  eden space 219648K, 0% used [0x00000000d5580000,0x00000000d5580000,0x00000000e2c00000)
  from space 35328K, 99% used [0x00000000e5800000,0x00000000e7a78708,0x00000000e7a80000)
  to   space 6656K, 0% used [0x00000000e7a80000,0x00000000e7a80000,0x00000000e8100000)
 ParOldGen       total 211456K, used 51881K [0x0000000080000000, 0x000000008ce80000, 0x00000000d5580000)
  object space 211456K, 24% used [0x0000000080000000,0x00000000832aa7e0,0x000000008ce80000)
 Metaspace       used 86783K, capacity 90526K, committed 90776K, reserved 1128448K
  class space    used 11354K, capacity 12075K, committed 12184K, reserved 1048576K
}
Event: 270.906 GC heap before
{Heap before GC invocations=19 (full 3):
 PSYoungGen      total 254976K, used 181043K [0x00000000d5580000, 0x00000000e8100000, 0x0000000100000000)
  eden space 219648K, 66% used [0x00000000d5580000,0x00000000de3d4820,0x00000000e2c00000)
  from space 35328K, 99% used [0x00000000e5800000,0x00000000e7a78708,0x00000000e7a80000)
  to   space 6656K, 0% used [0x00000000e7a80000,0x00000000e7a80000,0x00000000e8100000)
 ParOldGen       total 211456K, used 51881K [0x0000000080000000, 0x000000008ce80000, 0x00000000d5580000)
  object space 211456K, 24% used [0x0000000080000000,0x00000000832aa7e0,0x000000008ce80000)
 Metaspace       used 94124K, capacity 98552K, committed 98584K, reserved 1134592K
  class space    used 12445K, capacity 13304K, committed 13336K, reserved 1048576K
Event: 270.967 GC heap after
Heap after GC invocations=19 (full 3):
 PSYoungGen      total 226304K, used 6624K [0x00000000d5580000, 0x00000000e8100000, 0x0000000100000000)
  eden space 219648K, 0% used [0x00000000d5580000,0x00000000d5580000,0x00000000e2c00000)
  from space 6656K, 99% used [0x00000000e7a80000,0x00000000e80f8068,0x00000000e8100000)
  to   space 35328K, 0% used [0x00000000e5800000,0x00000000e5800000,0x00000000e7a80000)
 ParOldGen       total 211456K, used 100679K [0x0000000080000000, 0x000000008ce80000, 0x00000000d5580000)
  object space 211456K, 47% used [0x0000000080000000,0x0000000086251dc8,0x000000008ce80000)
 Metaspace       used 94124K, capacity 98552K, committed 98584K, reserved 1134592K
  class space    used 12445K, capacity 13304K, committed 13336K, reserved 1048576K
}
Event: 270.967 GC heap before
{Heap before GC invocations=20 (full 4):
 PSYoungGen      total 226304K, used 6624K [0x00000000d5580000, 0x00000000e8100000, 0x0000000100000000)
  eden space 219648K, 0% used [0x00000000d5580000,0x00000000d5580000,0x00000000e2c00000)
  from space 6656K, 99% used [0x00000000e7a80000,0x00000000e80f8068,0x00000000e8100000)
  to   space 35328K, 0% used [0x00000000e5800000,0x00000000e5800000,0x00000000e7a80000)
 ParOldGen       total 211456K, used 100679K [0x0000000080000000, 0x000000008ce80000, 0x00000000d5580000)
  object space 211456K, 47% used [0x0000000080000000,0x0000000086251dc8,0x000000008ce80000)
 Metaspace       used 94124K, capacity 98552K, committed 98584K, reserved 1134592K
  class space    used 12445K, capacity 13304K, committed 13336K, reserved 1048576K
Event: 271.429 GC heap after
Heap after GC invocations=20 (full 4):
 PSYoungGen      total 226304K, used 0K [0x00000000d5580000, 0x00000000e8100000, 0x0000000100000000)
  eden space 219648K, 0% used [0x00000000d5580000,0x00000000d5580000,0x00000000e2c00000)
  from space 6656K, 0% used [0x00000000e7a80000,0x00000000e7a80000,0x00000000e8100000)
  to   space 35328K, 0% used [0x00000000e5800000,0x00000000e5800000,0x00000000e7a80000)
 ParOldGen       total 211456K, used 86786K [0x0000000080000000, 0x000000008ce80000, 0x00000000d5580000)
  object space 211456K, 41% used [0x0000000080000000,0x00000000854c0b30,0x000000008ce80000)
 Metaspace       used 93885K, capacity 97934K, committed 98584K, reserved 1134592K
  class space    used 12363K, capacity 13157K, committed 13336K, reserved 1048576K
}
Event: 277.193 GC heap before
{Heap before GC invocations=21 (full 4):
 PSYoungGen      total 226304K, used 219648K [0x00000000d5580000, 0x00000000e8100000, 0x0000000100000000)
  eden space 219648K, 100% used [0x00000000d5580000,0x00000000e2c00000,0x00000000e2c00000)
  from space 6656K, 0% used [0x00000000e7a80000,0x00000000e7a80000,0x00000000e8100000)
  to   space 35328K, 0% used [0x00000000e5800000,0x00000000e5800000,0x00000000e7a80000)
 ParOldGen       total 211456K, used 86786K [0x0000000080000000, 0x000000008ce80000, 0x00000000d5580000)
  object space 211456K, 41% used [0x0000000080000000,0x00000000854c0b30,0x000000008ce80000)
 Metaspace       used 98413K, capacity 103084K, committed 103448K, reserved 1138688K
  class space    used 12881K, capacity 13730K, committed 13848K, reserved 1048576K
Event: 277.230 GC heap after
Heap after GC invocations=21 (full 4):
 PSYoungGen      total 254976K, used 11071K [0x00000000d5580000, 0x00000000e8100000, 0x0000000100000000)
  eden space 219648K, 0% used [0x00000000d5580000,0x00000000d5580000,0x00000000e2c00000)
  from space 35328K, 31% used [0x00000000e5800000,0x00000000e62cfc88,0x00000000e7a80000)
  to   space 6656K, 0% used [0x00000000e7a80000,0x00000000e7a80000,0x00000000e8100000)
 ParOldGen       total 211456K, used 86794K [0x0000000080000000, 0x000000008ce80000, 0x00000000d5580000)
  object space 211456K, 41% used [0x0000000080000000,0x00000000854c2b30,0x000000008ce80000)
 Metaspace       used 98413K, capacity 103084K, committed 103448K, reserved 1138688K
  class space    used 12881K, capacity 13730K, committed 13848K, reserved 1048576K
}

Deoptimization events (10 events):
Event: 278.376 Thread 0x000000002be53000 Uncommon trap: reason=unstable_if action=reinterpret pc=0x00000000058de9fc method=java.nio.Bits.getInt(Ljava/nio/ByteBuffer;IZ)I @ 1
Event: 278.620 Thread 0x000000001db57000 Uncommon trap: reason=unstable_if action=reinterpret pc=0x0000000002a2db24 method=org.gradle.internal.util.Trie.find(Ljava/lang/CharSequence;)Z @ 91
Event: 278.624 Thread 0x000000001db57000 Uncommon trap: reason=bimorphic action=maybe_recompile pc=0x00000000037311f8 method=java.util.HashMap.removeNode(ILjava/lang/Object;Ljava/lang/Object;ZZ)Ljava/util/HashMap$Node; @ 143
Event: 278.725 Thread 0x000000001db53800 Uncommon trap: reason=unstable_if action=reinterpret pc=0x0000000005603de4 method=java.lang.Long.numberOfLeadingZeros(J)I @ 18
Event: 278.733 Thread 0x000000001db53800 Uncommon trap: reason=unstable_if action=reinterpret pc=0x0000000004651f34 method=java.nio.DirectByteBuffer.put([BII)Ljava/nio/ByteBuffer; @ 8
Event: 326.732 Thread 0x000000001db57000 Uncommon trap: reason=null_check action=make_not_entrant pc=0x0000000004867ff0 method=org.gradle.api.internal.collections.CollectionFilter.filter(Ljava/lang/Object;)Ljava/lang/Object; @ 5
Event: 326.803 Thread 0x000000001db57000 Uncommon trap: reason=class_check action=maybe_recompile pc=0x00000000032f8940 method=java.lang.Throwable.<init>(Ljava/lang/String;Ljava/lang/Throwable;)V @ 24
Event: 326.835 Thread 0x000000001db57000 Uncommon trap: reason=class_check action=maybe_recompile pc=0x0000000003142fe0 method=java.util.Spliterators$ArraySpliterator.tryAdvance(Ljava/util/function/Consumer;)Z @ 49
Event: 326.872 Thread 0x000000001db57000 Uncommon trap: reason=class_check action=maybe_recompile pc=0x0000000003142fe0 method=java.util.Spliterators$ArraySpliterator.tryAdvance(Ljava/util/function/Consumer;)Z @ 49
Event: 327.197 Thread 0x0000000020648000 Uncommon trap: reason=unstable_if action=reinterpret pc=0x0000000003112960 method=com.esotericsoftware.kryo.io.Output.writeVarLong(JZ)I @ 55

Classes redefined (0 events):
No events

Internal exceptions (10 events):
Event: 276.821 Thread 0x000000002be53800 Exception <a 'sun/nio/fs/WindowsException'> (0x00000000e162fbc0) thrown at [C:\src\AOSP-openjdk-git\hotspot\src\share\vm\prims\jni.cpp, line 710]
Event: 277.022 Thread 0x0000000020647800 Implicit null exception at 0x00000000027f83ef to 0x00000000027f84e1
Event: 277.022 Thread 0x000000002064d800 Implicit null exception at 0x00000000027f83ef to 0x00000000027f84e1
Event: 277.022 Thread 0x000000002064e000 Implicit null exception at 0x00000000027f83ef to 0x00000000027f84e1
Event: 277.759 Thread 0x000000002064d800 Exception <a 'sun/nio/fs/WindowsException'> (0x00000000d637e838) thrown at [C:\src\AOSP-openjdk-git\hotspot\src\share\vm\prims\jni.cpp, line 710]
Event: 277.967 Thread 0x000000002be53000 Exception <a 'java/lang/NoSuchMethodError': java.lang.Object.lambda$asRunnable$0(Lcom/android/tools/build/apkzlib/utils/IOExceptionRunnable;)V> (0x00000000d694c858) thrown at [C:\src\AOSP-openjdk-git\hotspot\src\share\vm\interpreter\linkResolver.cpp, line
Event: 278.006 Thread 0x000000002be53000 Exception <a 'java/lang/NoSuchMethodError': java.lang.Object.newSystemTemporaryDirectory()Lcom/android/tools/build/apkzlib/bytestorage/TemporaryDirectory;> (0x00000000d6a9f2a8) thrown at [C:\src\AOSP-openjdk-git\hotspot\src\share\vm\interpreter\linkResolv
Event: 278.214 Thread 0x000000002be53000 Exception <a 'java/lang/NoSuchMethodError': java.lang.Object.lambda$static$0(Lcom/android/apksig/util/RunnablesProvider;)V> (0x00000000d6d5dfb0) thrown at [C:\src\AOSP-openjdk-git\hotspot\src\share\vm\interpreter\linkResolver.cpp, line 620]
Event: 326.732 Thread 0x000000001db57000 Implicit null exception at 0x0000000004867ea3 to 0x0000000004867fdd
Event: 326.842 Thread 0x000000001db57000 Exception <a 'sun/nio/fs/WindowsException'> (0x00000000daac6cc0) thrown at [C:\src\AOSP-openjdk-git\hotspot\src\share\vm\prims\jni.cpp, line 710]

Events (10 events):
Event: 327.118 Executing VM operation: RevokeBias done
Event: 327.175 Executing VM operation: RevokeBias
Event: 327.176 Executing VM operation: RevokeBias done
Event: 327.176 Executing VM operation: RevokeBias
Event: 327.176 Executing VM operation: RevokeBias done
Event: 327.177 Executing VM operation: RevokeBias
Event: 327.177 Executing VM operation: RevokeBias done
Event: 327.197 Thread 0x0000000020648000 Uncommon trap: trap_request=0xffffff65 fr.pc=0x0000000003112960
Event: 327.197 Thread 0x0000000020648000 DEOPT PACKING pc=0x0000000003112960 sp=0x000000001ca3f0a0
Event: 327.197 Thread 0x0000000020648000 DEOPT UNPACKING pc=0x000000000267557b sp=0x000000001ca3f068 mode 2


Dynamic libraries:
0x00007ff6c39b0000 - 0x00007ff6c39e1000 	S:\Programs\Android\Android Studio\jre\bin\java.exe
0x00007fffa3230000 - 0x00007fffa3425000 	C:\WINDOWS\SYSTEM32\ntdll.dll
0x00007fffa2c20000 - 0x00007fffa2cde000 	C:\WINDOWS\System32\KERNEL32.DLL
0x00007fffa0a60000 - 0x00007fffa0d28000 	C:\WINDOWS\System32\KERNELBASE.dll
0x00007fffa2270000 - 0x00007fffa231c000 	C:\WINDOWS\System32\ADVAPI32.dll
0x00007fffa2ae0000 - 0x00007fffa2b7e000 	C:\WINDOWS\System32\msvcrt.dll
0x00007fffa2b80000 - 0x00007fffa2c1b000 	C:\WINDOWS\System32\sechost.dll
0x00007fffa30a0000 - 0x00007fffa31ca000 	C:\WINDOWS\System32\RPCRT4.dll
0x00007fffa2e90000 - 0x00007fffa3031000 	C:\WINDOWS\System32\USER32.dll
0x00007fffa11b0000 - 0x00007fffa11d2000 	C:\WINDOWS\System32\win32u.dll
0x00007fffa2ce0000 - 0x00007fffa2d0b000 	C:\WINDOWS\System32\GDI32.dll
0x00007fffa0950000 - 0x00007fffa0a5b000 	C:\WINDOWS\System32\gdi32full.dll
0x00007fffa11e0000 - 0x00007fffa127d000 	C:\WINDOWS\System32\msvcp_win.dll
0x00007fffa0fc0000 - 0x00007fffa10c0000 	C:\WINDOWS\System32\ucrtbase.dll
0x00007fff8fc90000 - 0x00007fff8ff2a000 	C:\WINDOWS\WinSxS\amd64_microsoft.windows.common-controls_6595b64144ccf1df_6.0.19041.1110_none_60b5254171f9507e\COMCTL32.dll
0x00007fffa15e0000 - 0x00007fffa1610000 	C:\WINDOWS\System32\IMM32.DLL
0x0000000072250000 - 0x0000000072322000 	S:\Programs\Android\Android Studio\jre\jre\bin\msvcr100.dll
0x0000000072e80000 - 0x00000000736cb000 	S:\Programs\Android\Android Studio\jre\jre\bin\server\jvm.dll
0x00007fffa2450000 - 0x00007fffa2458000 	C:\WINDOWS\System32\PSAPI.DLL
0x00007fff920d0000 - 0x00007fff920d9000 	C:\WINDOWS\SYSTEM32\WSOCK32.dll
0x00007fffa2510000 - 0x00007fffa257b000 	C:\WINDOWS\System32\WS2_32.dll
0x00007fff97dd0000 - 0x00007fff97df7000 	C:\WINDOWS\SYSTEM32\WINMM.dll
0x00007fff995a0000 - 0x00007fff995aa000 	C:\WINDOWS\SYSTEM32\VERSION.dll
0x00007fff989d0000 - 0x00007fff989df000 	S:\Programs\Android\Android Studio\jre\jre\bin\verify.dll
0x00007fff8cfc0000 - 0x00007fff8cfe9000 	S:\Programs\Android\Android Studio\jre\jre\bin\java.dll
0x00007fff989a0000 - 0x00007fff989b6000 	S:\Programs\Android\Android Studio\jre\jre\bin\zip.dll
0x00007fffa1610000 - 0x00007fffa1d4f000 	C:\WINDOWS\System32\SHELL32.dll
0x00007fff9ea50000 - 0x00007fff9f1e0000 	C:\WINDOWS\SYSTEM32\windows.storage.dll
0x00007fffa1280000 - 0x00007fffa15d5000 	C:\WINDOWS\System32\combase.dll
0x00007fffa03a0000 - 0x00007fffa03ce000 	C:\WINDOWS\SYSTEM32\Wldp.dll
0x00007fffa2460000 - 0x00007fffa250d000 	C:\WINDOWS\System32\SHCORE.dll
0x00007fffa23f0000 - 0x00007fffa2445000 	C:\WINDOWS\System32\shlwapi.dll
0x00007fffa0890000 - 0x00007fffa08af000 	C:\WINDOWS\SYSTEM32\profapi.dll
0x00007fff94260000 - 0x00007fff9427a000 	S:\Programs\Android\Android Studio\jre\jre\bin\net.dll
0x00007fffa0100000 - 0x00007fffa016a000 	C:\WINDOWS\system32\mswsock.dll
0x00007fff941e0000 - 0x00007fff941f3000 	S:\Programs\Android\Android Studio\jre\jre\bin\nio.dll
0x00007fff7bd40000 - 0x00007fff7bd67000 	C:\Users\Nico\.gradle\native\f6784746aeab05261644944871eae4fe03e0ef1612fff0a4a95f87b438bc6780\windows-amd64\native-platform.dll
0x00007fff93e40000 - 0x00007fff93e4d000 	S:\Programs\Android\Android Studio\jre\jre\bin\management.dll
0x00007fffa0300000 - 0x00007fffa0318000 	C:\WINDOWS\SYSTEM32\CRYPTSP.dll
0x00007fff9fa10000 - 0x00007fff9fa44000 	C:\WINDOWS\system32\rsaenh.dll
0x00007fffa0d30000 - 0x00007fffa0d57000 	C:\WINDOWS\System32\bcrypt.dll
0x00007fffa0850000 - 0x00007fffa087e000 	C:\WINDOWS\SYSTEM32\USERENV.dll
0x00007fffa1120000 - 0x00007fffa11a3000 	C:\WINDOWS\System32\bcryptprimitives.dll
0x00007fffa02f0000 - 0x00007fffa02fc000 	C:\WINDOWS\SYSTEM32\CRYPTBASE.dll
0x00007fff9fda0000 - 0x00007fff9fddb000 	C:\WINDOWS\SYSTEM32\IPHLPAPI.DLL
0x00007fffa20b0000 - 0x00007fffa20b8000 	C:\WINDOWS\System32\NSI.dll
0x00007fff9a7f0000 - 0x00007fff9a807000 	C:\WINDOWS\SYSTEM32\dhcpcsvc6.DLL
0x00007fff99cf0000 - 0x00007fff99d0d000 	C:\WINDOWS\SYSTEM32\dhcpcsvc.DLL
0x00007fff9fdf0000 - 0x00007fff9febb000 	C:\WINDOWS\SYSTEM32\DNSAPI.dll
0x00007fff9a860000 - 0x00007fff9a86b000 	C:\WINDOWS\SYSTEM32\WINNSI.DLL
0x00007fff84390000 - 0x00007fff843ae000 	C:\Users\Nico\AppData\Local\Temp\native-platform318258994006337729dir\native-platform.dll

VM Arguments:
jvm_args: -Xmx2048m -Dfile.encoding=UTF-8 -Duser.country=US -Duser.language=en -Duser.variant 
java_command: org.gradle.launcher.daemon.bootstrap.GradleDaemon 6.5
java_class_path (initial): C:\Users\Nico\.gradle\wrapper\dists\gradle-6.5-bin\6nifqtx7604sqp1q6g8wikw7p\gradle-6.5\lib\gradle-launcher-6.5.jar
Launcher Type: SUN_STANDARD

Environment Variables:
PATH=C:\Program Files (x86)\Common Files\Oracle\Java\javapath;C:\ProgramData\Oracle\Java\javapath;C:\WINDOWS\system32;C:\WINDOWS;C:\WINDOWS\System32\Wbem;C:\WINDOWS\System32\WindowsPowerShell\v1.0\;C:\Android;C:\Windows\System32;S:\Programs\PuTTY\;C:\Program Files (x86)\Windows Kits\8.1\Windows Performance Toolkit\;S:\Programs\Calibre\;C:\WINDOWS\System32\OpenSSH\;C:\WINDOWS\system32;C:\WINDOWS;C:\WINDOWS\System32\Wbem;C:\WINDOWS\System32\WindowsPowerShell\v1.0\;C:\WINDOWS\System32\OpenSSH\;S:\Programs\PDFtk Server\bin\;C:\Program Files\dotnet\;S:\Programs\nodejs\;C:\Program Files\Mullvad VPN\resources;C:\Users\Nico\AppData\Local\Programs\Python\Python39\Scripts\;C:\Users\Nico\AppData\Local\Programs\Python\Python39\;S:\Programs\nodejs\;C:\Users\Nico\AppData\Local\Programs\Python\Python37-32\Scripts\;C:\Users\Nico\AppData\Local\Programs\Python\Python37-32\;C:\Users\Nico\AppData\Local\Microsoft\WindowsApps;S:\Programs\Hash CMD\;C:\Users\Nico\AppData\Local\GitHubDesktop\bin;S:\Programs\ffmpeg\bin\;S:\Programs\whois\;S:\Programs\youtube-dl\;C:\Users\Nico\AppData\Roaming\npm;;C:\Users\Nico\AppData\Local\Microsoft\WindowsApps;S:\Programs\Nmap
USERNAME=Nico
OS=Windows_NT
PROCESSOR_IDENTIFIER=Intel64 Family 6 Model 158 Stepping 9, GenuineIntel



---------------  S Y S T E M  ---------------

OS: Windows 10.0 , 64 bit Build 19041 (10.0.19041.1348)

CPU:total 4 (initial active 4) (2 cores per cpu, 2 threads per core) family 6 model 158 stepping 9, cmov, cx8, fxsr, mmx, sse, sse2, sse3, ssse3, sse4.1, sse4.2, popcnt, avx, avx2, aes, clmul, erms, 3dnowpref, lzcnt, ht, tsc, tscinvbit, bmi1, bmi2, adx

Memory: 4k page, physical 16733632k(5931268k free), swap 16733632k(5616k free)

vm_info: OpenJDK 64-Bit Server VM (25.242-b01) for windows-amd64 JRE (1.8.0_242-release-1644-b01), built by "builder" with MS VC++ 10.0 (VS2010)

time: Mon Dec 06 23:43:27 2021
timezone: Eastern Standard Time
elapsed time: 327 seconds (0d 0h 5m 27s)

